setting 'ivy.default.settings.dir' to 'jar:file:/C:/tools/sbt/sbt-launch.jar!/org/apache/ivy/core/settings'
setting 'ivy.basedir' to 'D:\Code\Pythia\.'
setting 'ivy.default.conf.dir' to 'jar:file:/C:/tools/sbt/sbt-launch.jar!/org/apache/ivy/core/settings'
impossible to define new type: class not found: org.apache.ivy.plugins.version.PatternVersionMatcher in [] nor Ivy classloader
impossible to define new type: class not found: org.apache.ivy.plugins.trigger.LogTrigger in [] nor Ivy classloader
impossible to define new type: class not found: org.apache.ivy.plugins.resolver.DualResolver in [] nor Ivy classloader
impossible to define new type: class not found: org.apache.ivy.plugins.resolver.VsftpResolver in [] nor Ivy classloader
impossible to define new type: class not found: org.apache.ivy.plugins.conflict.RegexpConflictManager in [] nor Ivy classloader
impossible to define new type: class not found: org.apache.ivy.plugins.resolver.SshResolver in [] nor Ivy classloader
impossible to define new type: class not found: org.apache.ivy.plugins.resolver.VfsResolver in [] nor Ivy classloader
impossible to define new type: class not found: org.apache.ivy.plugins.signer.bouncycastle.OpenPGPSignatureGenerator in [] nor Ivy classloader
impossible to define new type: class not found: org.apache.ivy.plugins.resolver.SFTPResolver in [] nor Ivy classloader
impossible to define new type: class not found: org.apache.ivy.plugins.resolver.packager.PackagerResolver in [] nor Ivy classloader
impossible to define new type: class not found: org.apache.ivy.ant.AntCallTrigger in [] nor Ivy classloader
impossible to define new type: class not found: org.apache.ivy.plugins.resolver.IvyRepResolver in [] nor Ivy classloader
impossible to define new type: class not found: org.apache.ivy.ant.AntBuildTrigger in [] nor Ivy classloader
impossible to define glob matcher: org.apache.ivy.plugins.matcher.GlobPatternMatcher was not found.
setting 'java.runtime.name' to 'Java(TM) SE Runtime Environment'
setting 'sun.boot.library.path' to 'c:\program files (x86)\jetbrains\intellij idea community edition 10.5.1\jre\jre\bin'
setting 'java.vm.version' to '17.1-b03'
setting 'jline.terminal' to 'jline.UnsupportedTerminal'
setting 'java.vm.vendor' to 'Sun Microsystems Inc.'
setting 'java.vendor.url' to 'http://java.sun.com/'
setting 'path.separator' to ';'
setting 'java.vm.name' to 'Java HotSpot(TM) Client VM'
setting 'file.encoding.pkg' to 'sun.io'
setting 'sun.java.launcher' to 'SUN_STANDARD'
setting 'user.country' to 'US'
setting 'sun.os.patch.level' to 'Service Pack 1'
setting 'java.vm.specification.name' to 'Java Virtual Machine Specification'
setting 'user.dir' to 'D:\Code\Pythia'
setting 'java.runtime.version' to '1.6.0_22-b04'
setting 'java.awt.graphicsenv' to 'sun.awt.Win32GraphicsEnvironment'
setting 'java.endorsed.dirs' to 'c:\program files (x86)\jetbrains\intellij idea community edition 10.5.1\jre\jre\lib\endorsed'
setting 'os.arch' to 'x86'
setting 'java.io.tmpdir' to 'C:\Users\fran\AppData\Local\Temp\'
setting 'line.separator' to '
'
setting 'java.vm.specification.vendor' to 'Sun Microsystems Inc.'
setting 'user.variant' to ''
setting 'os.name' to 'Windows 7'
setting 'sbt.log.noformat' to 'true'
setting 'sun.jnu.encoding' to 'Cp1252'
setting 'java.library.path' to 'c:\program files (x86)\jetbrains\intellij idea community edition 10.5.1\jre\jre\bin;.;C:\Windows\Sun\Java\bin;C:\Windows\system32;C:\Windows;C:\Program Files (x86)\JetBrains\IntelliJ IDEA Community Edition 10.5.1\bin\..\.\bin;C:\Windows\system32;C:\Windows;C:\Windows\System32\Wbem;C:\Windows\System32\WindowsPowerShell\v1.0\;C:\Program Files (x86)\apache-maven-3.0.3\bin;C:\Program Files (x86)\Microsoft SQL Server\100\Tools\Binn\;C:\Program Files\Microsoft SQL Server\100\Tools\Binn\;C:\Program Files\Microsoft SQL Server\100\DTS\Binn\;C:\Program Files\TortoiseGit\bin;C:\Program Files (x86)\Git\cmd;C:\Program Files (x86)\QuickTime\QTSystem\;C:\tools\sbt\;C:\Program Files (x86)\scala\bin;C:\tools\sbt\;;c:\program files (x86)\jetbrains\intellij idea community edition 10.5.1\jre\jre\bin'
setting 'java.specification.name' to 'Java Platform API Specification'
setting 'java.class.version' to '50.0'
setting 'sun.management.compiler' to 'HotSpot Client Compiler'
setting 'os.version' to '6.1'
setting 'user.home' to 'C:\Users\fran'
setting 'user.timezone' to 'Europe/Berlin'
setting 'java.awt.printerjob' to 'sun.awt.windows.WPrinterJob'
setting 'file.encoding' to 'Cp1252'
setting 'java.specification.version' to '1.6'
setting 'java.class.path' to 'C:\tools\sbt\sbt-launch.jar'
setting 'user.name' to 'fran'
setting 'java.vm.specification.version' to '1.0'
setting 'java.home' to 'c:\program files (x86)\jetbrains\intellij idea community edition 10.5.1\jre\jre'
setting 'sun.arch.data.model' to '32'
setting 'user.language' to 'en'
setting 'java.specification.vendor' to 'Sun Microsystems Inc.'
setting 'awt.toolkit' to 'sun.awt.windows.WToolkit'
setting 'java.vm.info' to 'mixed mode, sharing'
setting 'java.version' to '1.6.0_22'
setting 'java.ext.dirs' to 'c:\program files (x86)\jetbrains\intellij idea community edition 10.5.1\jre\jre\lib\ext;C:\Windows\Sun\Java\lib\ext'
setting 'sun.boot.class.path' to 'c:\program files (x86)\jetbrains\intellij idea community edition 10.5.1\jre\jre\lib\resources.jar;c:\program files (x86)\jetbrains\intellij idea community edition 10.5.1\jre\jre\lib\rt.jar;c:\program files (x86)\jetbrains\intellij idea community edition 10.5.1\jre\jre\lib\sunrsasign.jar;c:\program files (x86)\jetbrains\intellij idea community edition 10.5.1\jre\jre\lib\jsse.jar;c:\program files (x86)\jetbrains\intellij idea community edition 10.5.1\jre\jre\lib\jce.jar;c:\program files (x86)\jetbrains\intellij idea community edition 10.5.1\jre\jre\lib\charsets.jar;c:\program files (x86)\jetbrains\intellij idea community edition 10.5.1\jre\jre\classes'
setting 'java.vendor' to 'Sun Microsystems Inc.'
setting 'file.separator' to '\'
setting 'java.vendor.url.bug' to 'http://java.sun.com/cgi-bin/bugreport.cgi'
setting 'sun.io.unicode.encoding' to 'UnicodeLittle'
setting 'sun.cpu.endian' to 'little'
setting 'sun.desktop' to 'windows'
setting 'sun.cpu.isalist' to 'pentium_pro+mmx pentium_pro pentium+mmx pentium i486 i386 i86'
setting 'ivy.default.ivy.user.dir' to 'C:\Users\fran\.ivy2'
setting 'ivy.home' to 'C:\Users\fran\.ivy2'
setting 'ivy.cache.dir' to 'C:\Users\fran\.ivy2\cache'
no default cache defined: set to C:\Users\fran\.ivy2\cache
setting 'ivy.checksums' to 'sha1,md5'
setting 'ivy.basedir' to 'D:\Code\Pythia\project\boot'
setting 'basedir' to 'D:\Code\Pythia\project\boot'
setting 'scala' to '2.9.1'
:: resolving dependencies :: org.scala-tools.sbt#boot-scala;1.0
	confs: [default]
	validate = true
	refresh = false
resolving dependencies for configuration 'default'
== resolving dependencies for org.scala-tools.sbt#boot-scala;1.0 [default]
loadData of org.scala-tools.sbt#boot-scala;1.0 of rootConf=default
== resolving dependencies org.scala-tools.sbt#boot-scala;1.0->org.scala-lang#scala-compiler;2.9.1 [default->default]
loadData of org.scala-lang#scala-compiler;2.9.1 of rootConf=default
	using redefined-public to resolve org.scala-lang#scala-compiler;2.9.1
redefined-public: Checking cache for: dependency: org.scala-lang#scala-compiler;2.9.1 {default=[default, optional(default)]}
redefined-public: no namespace defined: using system
No entry is found in the ModuleDescriptorCache : C:\Users\fran\.ivy2\cache\org.scala-lang\scala-compiler\ivy-2.9.1.xml
post 1.3 ivy file: using exact as default matcher
	resolver not found: sbt-chain => trying to use the one configured for org.scala-lang#scala-compiler;2.9.1
	configured resolver found for org.scala-lang#scala-compiler;2.9.1: redefined-public: saving this data
	found ivy file in cache for org.scala-lang#scala-compiler;2.9.1 (resolved by redefined-public): C:\Users\fran\.ivy2\cache\org.scala-lang\scala-compiler\ivy-2.9.1.xml
redefined-public: module revision found in cache: org.scala-lang#scala-compiler;2.9.1
redefined-public: no latest strategy defined: using default
	found org.scala-lang#scala-compiler;2.9.1 in redefined-public
== resolving dependencies org.scala-tools.sbt#boot-scala;1.0->org.scala-lang#scala-compiler;2.9.1 [default->runtime]
loadData of org.scala-lang#scala-compiler;2.9.1 of rootConf=default
== resolving dependencies org.scala-tools.sbt#boot-scala;1.0->org.scala-lang#scala-compiler;2.9.1 [default->compile]
loadData of org.scala-lang#scala-compiler;2.9.1 of rootConf=default
== resolving dependencies org.scala-lang#scala-compiler;2.9.1->org.scala-lang#scala-library;2.9.1 [compile->master(*)]
loadData of org.scala-lang#scala-library;2.9.1 of rootConf=default
	using redefined-public to resolve org.scala-lang#scala-library;2.9.1
redefined-public: Checking cache for: dependency: org.scala-lang#scala-library;2.9.1 {compile=[compile(*), master(*)], runtime=[runtime(*)]}
No entry is found in the ModuleDescriptorCache : C:\Users\fran\.ivy2\cache\org.scala-lang\scala-library\ivy-2.9.1.xml
post 1.3 ivy file: using exact as default matcher
	resolver not found: sbt-chain => trying to use the one configured for org.scala-lang#scala-library;2.9.1
	configured resolver found for org.scala-lang#scala-library;2.9.1: redefined-public: saving this data
	found ivy file in cache for org.scala-lang#scala-library;2.9.1 (resolved by redefined-public): C:\Users\fran\.ivy2\cache\org.scala-lang\scala-library\ivy-2.9.1.xml
redefined-public: module revision found in cache: org.scala-lang#scala-library;2.9.1
	found org.scala-lang#scala-library;2.9.1 in redefined-public
== resolving dependencies org.scala-lang#scala-compiler;2.9.1->org.scala-lang#scala-library;2.9.1 [compile->compile(*)]
loadData of org.scala-lang#scala-library;2.9.1 of rootConf=default
== resolving dependencies org.scala-lang#scala-compiler;2.9.1->org.scala-lang#scala-library;2.9.1 [compile->default]
loadData of org.scala-lang#scala-library;2.9.1 of rootConf=default
== resolving dependencies org.scala-lang#scala-compiler;2.9.1->org.scala-lang#scala-library;2.9.1 [compile->runtime]
loadData of org.scala-lang#scala-library;2.9.1 of rootConf=default
== resolving dependencies org.scala-lang#scala-compiler;2.9.1->org.scala-lang#scala-library;2.9.1 [compile->compile]
loadData of org.scala-lang#scala-library;2.9.1 of rootConf=default
== resolving dependencies org.scala-lang#scala-compiler;2.9.1->org.scala-lang#scala-library;2.9.1 [compile->master]
loadData of org.scala-lang#scala-library;2.9.1 of rootConf=default
== resolving dependencies org.scala-lang#scala-compiler;2.9.1->org.scala-lang#scala-library;2.9.1 [runtime->runtime(*)]
loadData of org.scala-lang#scala-library;2.9.1 of rootConf=default
== resolving dependencies org.scala-lang#scala-compiler;2.9.1->org.scala-lang#scala-library;2.9.1 [runtime->compile]
loadData of org.scala-lang#scala-library;2.9.1 of rootConf=default
default is loaded and no conf to load.  Skip loading
== resolving dependencies org.scala-tools.sbt#boot-scala;1.0->org.scala-lang#scala-compiler;2.9.1 [default->master]
loadData of org.scala-lang#scala-compiler;2.9.1 of rootConf=default
== resolving dependencies org.scala-tools.sbt#boot-scala;1.0->org.scala-lang#scala-compiler;2.9.1 [default->optional(default)]
loadData of org.scala-lang#scala-compiler;2.9.1 of rootConf=default
== resolving dependencies org.scala-lang#scala-compiler;2.9.1->org.scala-lang#jline;2.9.1 [optional->master(*)]
loadData of org.scala-lang#jline;2.9.1 of rootConf=default
	using redefined-public to resolve org.scala-lang#jline;2.9.1
redefined-public: Checking cache for: dependency: org.scala-lang#jline;2.9.1 {optional=[compile(*), master(*)]}
No entry is found in the ModuleDescriptorCache : C:\Users\fran\.ivy2\cache\org.scala-lang\jline\ivy-2.9.1.xml
post 1.3 ivy file: using exact as default matcher
	found ivy file in cache for org.scala-lang#jline;2.9.1 (resolved by Maven Central): C:\Users\fran\.ivy2\cache\org.scala-lang\jline\ivy-2.9.1.xml
redefined-public: module revision found in cache: org.scala-lang#jline;2.9.1
	found org.scala-lang#jline;2.9.1 in Maven Central
== resolving dependencies org.scala-lang#scala-compiler;2.9.1->org.scala-lang#jline;2.9.1 [optional->compile(*)]
loadData of org.scala-lang#jline;2.9.1 of rootConf=default
== resolving dependencies org.scala-lang#jline;2.9.1->org.fusesource.jansi#jansi;1.4 [compile->master(*)]
loadData of org.fusesource.jansi#jansi;1.4 of rootConf=default
	using redefined-public to resolve org.fusesource.jansi#jansi;1.4
redefined-public: Checking cache for: dependency: org.fusesource.jansi#jansi;1.4 {compile=[compile(*), master(*)], runtime=[runtime(*)]}
No entry is found in the ModuleDescriptorCache : C:\Users\fran\.ivy2\cache\org.fusesource.jansi\jansi\ivy-1.4.xml
post 1.3 ivy file: using exact as default matcher
	found ivy file in cache for org.fusesource.jansi#jansi;1.4 (resolved by Maven Central): C:\Users\fran\.ivy2\cache\org.fusesource.jansi\jansi\ivy-1.4.xml
redefined-public: module revision found in cache: org.fusesource.jansi#jansi;1.4
	found org.fusesource.jansi#jansi;1.4 in Maven Central
== resolving dependencies org.scala-lang#jline;2.9.1->org.fusesource.jansi#jansi;1.4 [compile->compile(*)]
loadData of org.fusesource.jansi#jansi;1.4 of rootConf=default
== resolving dependencies org.scala-tools.sbt#boot-scala;1.0->org.scala-lang#scala-library;2.9.1 [default->default]
loadData of org.scala-lang#scala-library;2.9.1 of rootConf=default
default is loaded and no conf to load.  Skip loading
== resolving dependencies org.scala-tools.sbt#boot-scala;1.0->org.scala-lang#scala-library;2.9.1 [default->runtime]
loadData of org.scala-lang#scala-library;2.9.1 of rootConf=default
default is loaded and no conf to load.  Skip loading
== resolving dependencies org.scala-tools.sbt#boot-scala;1.0->org.scala-lang#scala-library;2.9.1 [default->compile]
loadData of org.scala-lang#scala-library;2.9.1 of rootConf=default
default is loaded and no conf to load.  Skip loading
== resolving dependencies org.scala-tools.sbt#boot-scala;1.0->org.scala-lang#scala-library;2.9.1 [default->master]
loadData of org.scala-lang#scala-library;2.9.1 of rootConf=default
default is loaded and no conf to load.  Skip loading
Nbr of module to sort : 4
Sort dependencies of : org.scala-lang#scala-compiler;2.9.1 / Number of dependencies = 2
Sort dependencies of : org.scala-lang#scala-library;2.9.1 / Number of dependencies = 0
Sort done for : org.scala-lang#scala-library;2.9.1
Sort dependencies of : org.scala-lang#jline;2.9.1 / Number of dependencies = 1
Sort dependencies of : org.fusesource.jansi#jansi;1.4 / Number of dependencies = 1
Sort done for : org.fusesource.jansi#jansi;1.4
Sort done for : org.scala-lang#jline;2.9.1
Sort done for : org.scala-lang#scala-compiler;2.9.1
Module descriptor is processed : org.scala-lang#scala-library;2.9.1
Module descriptor is processed : org.scala-lang#jline;2.9.1
Module descriptor is processed : org.fusesource.jansi#jansi;1.4
	resolved ivy file produced in C:\Users\fran\.ivy2\cache\resolved-org.scala-tools.sbt-boot-scala-1.0.xml
:: downloading artifacts ::
	[NOT REQUIRED] org.scala-lang#scala-compiler;2.9.1!scala-compiler.jar
	[NOT REQUIRED] org.scala-lang#scala-library;2.9.1!scala-library.jar
	[NOT REQUIRED] org.scala-lang#jline;2.9.1!jline.jar
	[NOT REQUIRED] org.fusesource.jansi#jansi;1.4!jansi.jar
:: resolution report :: resolve 236ms :: artifacts dl 13ms
Nbr of module to sort : 4
Sort dependencies of : org.scala-lang#scala-compiler;2.9.1 / Number of dependencies = 2
Sort dependencies of : org.scala-lang#scala-library;2.9.1 / Number of dependencies = 0
Sort done for : org.scala-lang#scala-library;2.9.1
Sort dependencies of : org.scala-lang#jline;2.9.1 / Number of dependencies = 1
Sort dependencies of : org.fusesource.jansi#jansi;1.4 / Number of dependencies = 1
Sort done for : org.fusesource.jansi#jansi;1.4
Sort done for : org.scala-lang#jline;2.9.1
Sort done for : org.scala-lang#scala-compiler;2.9.1
Module descriptor is processed : org.scala-lang#scala-library;2.9.1
Module descriptor is processed : org.scala-lang#jline;2.9.1
Module descriptor is processed : org.fusesource.jansi#jansi;1.4
	report for org.scala-tools.sbt#boot-scala;1.0 default produced in C:\Users\fran\.ivy2\cache\org.scala-tools.sbt-boot-scala-default.xml
	resolve done (236ms resolve - 13ms download)
:: retrieving :: org.scala-tools.sbt#boot-scala
	checkUpToDate=true
no explicit confs given for retrieve, using ivy file: C:\Users\fran\.ivy2\cache\resolved-org.scala-tools.sbt-boot-scala-1.0.xml
using ivy parser to parse C:\Users\fran\.ivy2\cache\resolved-org.scala-tools.sbt-boot-scala-1.0.xml
post 1.3 ivy file: using exact as default matcher
	confs: [default]
	retrieving C:\Users\fran\.ivy2\cache\org.fusesource.jansi\jansi\jars\jansi-1.4.jar
		to D:\Code\Pythia\project\boot\scala-2.9.1\lib\jansi.jar
	retrieving C:\Users\fran\.ivy2\cache\org.scala-lang\scala-library\jars\scala-library-2.9.1.jar
		to D:\Code\Pythia\project\boot\scala-2.9.1\lib\scala-library.jar
	retrieving C:\Users\fran\.ivy2\cache\org.scala-lang\scala-compiler\jars\scala-compiler-2.9.1.jar
		to D:\Code\Pythia\project\boot\scala-2.9.1\lib\scala-compiler.jar
	retrieving C:\Users\fran\.ivy2\cache\org.scala-lang\jline\jars\jline-2.9.1.jar
		to D:\Code\Pythia\project\boot\scala-2.9.1\lib\jline.jar
	4 artifacts copied, 0 already retrieved (19939kB/95ms)
	retrieve done (95ms)
